DEPRECATION WARNING: config.action_view.debug_rjs will be removed in 3.1, from 3.1 onwards you will need to install prototype-rails to continue to use RJS templates . (called from service at c:/Ruby193/lib/ruby/1.9.1/webrick/httpserver.rb:138)


Started GET "/seriesTracker" for 127.0.0.1 at 2011-11-08 06:35:07 +0000

RuntimeError (!!! Missing the mysql2 gem. Add it to your Gemfile: gem 'mysql2'):
  

Rendered c:/Ruby193/lib/ruby/gems/1.9.1/gems/actionpack-3.0.9/lib/action_dispatch/middleware/templates/rescues/_trace.erb (1.0ms)
Rendered c:/Ruby193/lib/ruby/gems/1.9.1/gems/actionpack-3.0.9/lib/action_dispatch/middleware/templates/rescues/_request_and_response.erb (10.0ms)
Rendered c:/Ruby193/lib/ruby/gems/1.9.1/gems/actionpack-3.0.9/lib/action_dispatch/middleware/templates/rescues/diagnostics.erb within rescues/layout (19.0ms)
DEPRECATION WARNING: config.action_view.debug_rjs will be removed in 3.1, from 3.1 onwards you will need to install prototype-rails to continue to use RJS templates . (called from service at c:/Ruby193/lib/ruby/1.9.1/webrick/httpserver.rb:138)


Started GET "/seriesTracker" for 127.0.0.1 at 2011-11-08 06:36:46 +0000
DEPRECATION WARNING: config.action_view.debug_rjs will be removed in 3.1, from 3.1 onwards you will need to install prototype-rails to continue to use RJS templates . (called from service at c:/Ruby193/lib/ruby/1.9.1/webrick/httpserver.rb:138)


Started GET "/seriesTracker" for 127.0.0.1 at 2011-11-08 08:07:16 +0000
DEPRECATION WARNING: config.action_view.debug_rjs will be removed in 3.1, from 3.1 onwards you will need to install prototype-rails to continue to use RJS templates . (called from service at c:/Ruby193/lib/ruby/1.9.1/webrick/httpserver.rb:138)


Started GET "/seriesTracker" for 127.0.0.1 at 2011-11-08 12:56:16 +0000

ActionController::RoutingError (No route matches "/seriesTracker"):
  

Rendered c:/Ruby193/lib/ruby/gems/1.9.1/gems/actionpack-3.0.9/lib/action_dispatch/middleware/templates/rescues/routing_error.erb within rescues/layout (1.0ms)
DEPRECATION WARNING: config.action_view.debug_rjs will be removed in 3.1, from 3.1 onwards you will need to install prototype-rails to continue to use RJS templates . (called from service at c:/Ruby193/lib/ruby/1.9.1/webrick/httpserver.rb:138)


Started GET "/seriesTracker" for 127.0.0.1 at 2011-11-08 13:40:30 +0000

ActionController::RoutingError (No route matches "/seriesTracker"):
  

Rendered c:/Ruby193/lib/ruby/gems/1.9.1/gems/actionpack-3.0.9/lib/action_dispatch/middleware/templates/rescues/routing_error.erb within rescues/layout (1.0ms)
DEPRECATION WARNING: config.action_view.debug_rjs will be removed in 3.1, from 3.1 onwards you will need to install prototype-rails to continue to use RJS templates . (called from service at c:/Ruby193/lib/ruby/1.9.1/webrick/httpserver.rb:138)


Started GET "/seriesTracker" for 127.0.0.1 at 2011-11-08 13:41:42 +0000

ActionController::RoutingError (No route matches "/seriesTracker"):
  

Rendered c:/Ruby193/lib/ruby/gems/1.9.1/gems/actionpack-3.0.9/lib/action_dispatch/middleware/templates/rescues/routing_error.erb within rescues/layout (1.0ms)
DEPRECATION WARNING: config.action_view.debug_rjs will be removed in 3.1, from 3.1 onwards you will need to install prototype-rails to continue to use RJS templates . (called from service at c:/Ruby193/lib/ruby/1.9.1/webrick/httpserver.rb:138)


Started GET "/seriesTracker" for 127.0.0.1 at 2011-11-08 13:45:33 +0000

ActionController::RoutingError (No route matches "/seriesTracker"):
  

Rendered c:/Ruby193/lib/ruby/gems/1.9.1/gems/actionpack-3.0.9/lib/action_dispatch/middleware/templates/rescues/routing_error.erb within rescues/layout (1.0ms)


Started GET "/" for 127.0.0.1 at 2011-11-08 13:46:17 +0000
  Processing by HomeController#index as HTML
Rendered home/index.html.erb within layouts/application (2.0ms)
Completed 200 OK in 18ms (Views: 17.0ms | ActiveRecord: 0.0ms)


Started GET "/seriesTracker" for 127.0.0.1 at 2011-11-08 13:46:43 +0000

ActionController::RoutingError (No route matches "/seriesTracker"):
  

Rendered c:/Ruby193/lib/ruby/gems/1.9.1/gems/actionpack-3.0.9/lib/action_dispatch/middleware/templates/rescues/routing_error.erb within rescues/layout (1.0ms)


Started GET "/seriesTracker" for 127.0.0.1 at 2011-11-08 14:38:38 +0000

ActionController::RoutingError (No route matches "/seriesTracker"):
  

Rendered c:/Ruby193/lib/ruby/gems/1.9.1/gems/actionpack-3.0.9/lib/action_dispatch/middleware/templates/rescues/routing_error.erb within rescues/layout (1.0ms)
DEPRECATION WARNING: config.action_view.debug_rjs will be removed in 3.1, from 3.1 onwards you will need to install prototype-rails to continue to use RJS templates . (called from service at c:/Ruby193/lib/ruby/1.9.1/webrick/httpserver.rb:138)


Started GET "/" for 127.0.0.1 at 2011-11-08 14:39:54 +0000
DEPRECATION WARNING: config.action_view.debug_rjs will be removed in 3.1, from 3.1 onwards you will need to install prototype-rails to continue to use RJS templates . (called from service at c:/Ruby193/lib/ruby/1.9.1/webrick/httpserver.rb:138)


Started GET "/" for 127.0.0.1 at 2011-11-08 14:40:21 +0000
  Processing by HomeController#index as HTML
Rendered home/index.html.erb within layouts/application (2.0ms)
Completed 200 OK in 17ms (Views: 17.0ms | ActiveRecord: 0.0ms)


Started GET "/" for 127.0.0.1 at 2011-11-08 14:41:01 +0000
  Processing by HomeController#index as HTML
Rendered home/index.html.erb within layouts/application (2.0ms)
Completed 200 OK in 15ms (Views: 15.0ms | ActiveRecord: 0.0ms)


Started GET "/seriesTracker" for 127.0.0.1 at 2011-11-08 14:41:13 +0000

ActionController::RoutingError (No route matches "/seriesTracker"):
  

Rendered c:/Ruby193/lib/ruby/gems/1.9.1/gems/actionpack-3.0.9/lib/action_dispatch/middleware/templates/rescues/routing_error.erb within rescues/layout (1.0ms)
  [1m[36mSQL (0.0ms)[0m  [1mSHOW TABLES[0m
  [1m[35mSQL (0.0ms)[0m  SHOW TABLES
Mysql::Error: query: not connected: SHOW TABLES
  [1m[36mSQL (0.0ms)[0m  [1mSHOW TABLES[0m
  [1m[35mSQL (1.0ms)[0m  SHOW TABLES
Mysql::Error: query: not connected: SHOW TABLES
  [1m[36mSQL (0.0ms)[0m  [1mSHOW TABLES[0m
  [1m[35mSQL (1.0ms)[0m  SHOW TABLES
Mysql::Error: query: not connected: SHOW TABLES
  [1m[36mSQL (0.0ms)[0m  [1mSHOW TABLES[0m
  [1m[35mSQL (0.0ms)[0m  SHOW TABLES
Mysql::Error: query: not connected: SHOW TABLES
  [1m[36mSQL (0.0ms)[0m  [1mSHOW TABLES[0m
  [1m[35mSQL (0.0ms)[0m  SHOW TABLES
Mysql::Error: query: not connected: SHOW TABLES
  [1m[36mSQL (0.0ms)[0m  [1mSHOW TABLES[0m
  [1m[35mSQL (1.0ms)[0m  SHOW TABLES
Mysql::Error: query: not connected: SHOW TABLES
  [1m[36mSQL (0.0ms)[0m  [1mSHOW TABLES[0m
  [1m[35mSQL (0.0ms)[0m  SHOW TABLES
  [1m[36mSQL (184.0ms)[0m  [1mCREATE TABLE `schema_migrations` (`version` varchar(255) NOT NULL) ENGINE=InnoDB[0m
  [1m[35mSQL (1.0ms)[0m  SHOW KEYS FROM `schema_migrations`
  [1m[36mSQL (224.0ms)[0m  [1mCREATE UNIQUE INDEX `unique_schema_migrations` ON `schema_migrations` (`version`)[0m
  [1m[35mSQL (0.0ms)[0m  SHOW TABLES
  [1m[36mSQL (0.0ms)[0m  [1mSHOW TABLES[0m
  [1m[35mSQL (1.0ms)[0m  SHOW TABLES
  [1m[36mSQL (62.0ms)[0m  [1mSELECT `schema_migrations`.`version` FROM `schema_migrations`[0m
Migrating to CreateSeries (20111108133958)
  [1m[35mSQL (119.0ms)[0m  CREATE TABLE `series` (`id` int(11) DEFAULT NULL auto_increment PRIMARY KEY, `name` varchar(255), `created_at` datetime, `updated_at` datetime) ENGINE=InnoDB
  [1m[36mSQL (42.0ms)[0m  [1mINSERT INTO `schema_migrations` (`version`) VALUES ('20111108133958')[0m
  [1m[35mSQL (1.0ms)[0m  SHOW TABLES
  [1m[36mSQL (1.0ms)[0m  [1mSELECT `schema_migrations`.`version` FROM `schema_migrations`[0m
  [1m[35mSQL (1.0ms)[0m  SHOW TABLES
  [1m[36mSQL (1.0ms)[0m  [1mdescribe `series`[0m
  [1m[35mSQL (0.0ms)[0m  SHOW KEYS FROM `series`
DEPRECATION WARNING: config.action_view.debug_rjs will be removed in 3.1, from 3.1 onwards you will need to install prototype-rails to continue to use RJS templates . (called from service at C:/Ruby193/lib/ruby/1.9.1/webrick/httpserver.rb:138)


Started GET "/seriesTracker" for 127.0.0.1 at 2011-11-08 15:55:18 +0000

ActionController::RoutingError (No route matches "/seriesTracker"):
  

Rendered C:/Ruby193/lib/ruby/gems/1.9.1/gems/actionpack-3.0.9/lib/action_dispatch/middleware/templates/rescues/routing_error.erb within rescues/layout (1.0ms)


Started GET "/" for 127.0.0.1 at 2011-11-08 15:55:24 +0000
  Processing by HomeController#index as HTML
Rendered home/index.html.erb within layouts/application (1.0ms)
Completed 200 OK in 13ms (Views: 13.0ms | ActiveRecord: 0.0ms)


Started GET "/seriesTracker" for 127.0.0.1 at 2011-11-08 15:59:26 +0000

ActionController::RoutingError (No route matches "/seriesTracker"):
  

Rendered C:/Ruby193/lib/ruby/gems/1.9.1/gems/actionpack-3.0.9/lib/action_dispatch/middleware/templates/rescues/routing_error.erb within rescues/layout (1.0ms)


Started GET "/series" for 127.0.0.1 at 2011-11-08 16:01:44 +0000
  Processing by SeriesController#index as HTML
  [1m[36mSeries Load (0.0ms)[0m  [1mSELECT `series`.* FROM `series`[0m
Rendered series/index.html.erb within layouts/application (3.0ms)
Completed 200 OK in 94ms (Views: 17.0ms | ActiveRecord: 0.0ms)


Started GET "/series/new" for 127.0.0.1 at 2011-11-08 16:02:00 +0000
  Processing by SeriesController#new as HTML
Rendered series/_form.html.erb (9.0ms)
Rendered series/new.html.erb within layouts/application (14.0ms)
Completed 200 OK in 36ms (Views: 27.0ms | ActiveRecord: 0.0ms)


Started POST "/series" for 127.0.0.1 at 2011-11-08 16:02:08 +0000
  Processing by SeriesController#create as HTML
  Parameters: {"utf8"=>"✓", "authenticity_token"=>"AL5ETe90LrIKU4NsbFmOtc2svYiH2xLPQMcYKvW5FXs=", "series"=>{"name"=>"The Big Bang Theory"}, "commit"=>"Create Series"}
  [1m[35mSQL (0.0ms)[0m  BEGIN
  [1m[36mSQL (0.0ms)[0m  [1mSHOW TABLES[0m
  [1m[35mSQL (1.0ms)[0m  describe `series`
  [1m[36mAREL (10.0ms)[0m  [1mINSERT INTO `series` (`name`, `created_at`, `updated_at`) VALUES ('The Big Bang Theory', '2011-11-08 16:02:08', '2011-11-08 16:02:08')[0m
  [1m[35mSQL (34.0ms)[0m  COMMIT
Redirected to http://localhost:3000/series/1
Completed 302 Found in 84ms


Started GET "/series/1" for 127.0.0.1 at 2011-11-08 16:02:09 +0000
  Processing by SeriesController#show as HTML
  Parameters: {"id"=>"1"}
  [1m[36mSeries Load (0.0ms)[0m  [1mSELECT `series`.* FROM `series` WHERE `series`.`id` = 1 LIMIT 1[0m
Rendered series/show.html.erb within layouts/application (7.0ms)
Completed 200 OK in 31ms (Views: 20.0ms | ActiveRecord: 0.0ms)


Started GET "/series" for 127.0.0.1 at 2011-11-08 16:02:11 +0000
  Processing by SeriesController#index as HTML
  [1m[35mSeries Load (1.0ms)[0m  SELECT `series`.* FROM `series`
Rendered series/index.html.erb within layouts/application (8.0ms)
Completed 200 OK in 27ms (Views: 20.0ms | ActiveRecord: 46.0ms)


Started GET "/series" for 127.0.0.1 at 2011-11-08 16:02:13 +0000
  Processing by SeriesController#index as HTML
  [1m[36mSeries Load (0.0ms)[0m  [1mSELECT `series`.* FROM `series`[0m
Rendered series/index.html.erb within layouts/application (8.0ms)
Completed 200 OK in 27ms (Views: 19.0ms | ActiveRecord: 0.0ms)


Started GET "/series/2" for 127.0.0.1 at 2011-11-08 16:02:17 +0000
  Processing by SeriesController#show as HTML
  Parameters: {"id"=>"2"}
  [1m[35mSeries Load (0.0ms)[0m  SELECT `series`.* FROM `series` WHERE `series`.`id` = 2 LIMIT 1
Completed 404 Not Found in 9ms

ActiveRecord::RecordNotFound (Couldn't find Series with ID=2):
  app/controllers/series_controller.rb:16:in `show'

Rendered C:/Ruby193/lib/ruby/gems/1.9.1/gems/actionpack-3.0.9/lib/action_dispatch/middleware/templates/rescues/_trace.erb (1.0ms)
Rendered C:/Ruby193/lib/ruby/gems/1.9.1/gems/actionpack-3.0.9/lib/action_dispatch/middleware/templates/rescues/_request_and_response.erb (3.0ms)
Rendered C:/Ruby193/lib/ruby/gems/1.9.1/gems/actionpack-3.0.9/lib/action_dispatch/middleware/templates/rescues/diagnostics.erb within rescues/layout (11.0ms)


Started GET "/series/1" for 127.0.0.1 at 2011-11-08 16:02:23 +0000
  Processing by SeriesController#show as HTML
  Parameters: {"id"=>"1"}
  [1m[36mSeries Load (0.0ms)[0m  [1mSELECT `series`.* FROM `series` WHERE `series`.`id` = 1 LIMIT 1[0m
Rendered series/show.html.erb within layouts/application (8.0ms)
Completed 200 OK in 29ms (Views: 20.0ms | ActiveRecord: 0.0ms)


Started GET "/series" for 127.0.0.1 at 2011-11-08 16:04:36 +0000
  Processing by SeriesController#index as HTML
  [1m[35mSeries Load (0.0ms)[0m  SELECT `series`.* FROM `series`
Rendered series/index.html.erb within layouts/application (8.0ms)
Completed 200 OK in 28ms (Views: 20.0ms | ActiveRecord: 0.0ms)


Started GET "/series/1" for 127.0.0.1 at 2011-11-08 16:06:45 +0000
  Processing by SeriesController#show as HTML
  Parameters: {"id"=>"1"}
  [1m[36mSeries Load (0.0ms)[0m  [1mSELECT `series`.* FROM `series` WHERE `series`.`id` = 1 LIMIT 1[0m
Rendered series/show.html.erb within layouts/application (8.0ms)
Completed 200 OK in 29ms (Views: 20.0ms | ActiveRecord: 0.0ms)


Started GET "/series/1" for 127.0.0.1 at 2011-11-08 16:06:46 +0000
  Processing by SeriesController#show as HTML
  Parameters: {"id"=>"1"}
  [1m[35mSeries Load (0.0ms)[0m  SELECT `series`.* FROM `series` WHERE `series`.`id` = 1 LIMIT 1
Rendered series/show.html.erb within layouts/application (7.0ms)
Completed 200 OK in 32ms (Views: 22.0ms | ActiveRecord: 0.0ms)
